2025-07-25 23:48:18,890 - faiss.loader - INFO - Loading faiss with AVX512 support.
2025-07-25 23:48:18,890 - faiss.loader - INFO - Could not load library with AVX512 support due to:
ModuleNotFoundError("No module named 'faiss.swigfaiss_avx512'")
2025-07-25 23:48:18,891 - faiss.loader - INFO - Loading faiss with AVX2 support.
2025-07-25 23:48:19,233 - faiss.loader - INFO - Successfully loaded faiss with AVX2 support.
2025-07-25 23:48:19,304 - faiss - INFO - Failed to load GPU Faiss: name 'GpuIndexIVFFlat' is not defined. Will not load constructor refs for GPU indexes. This is only an error if you're trying to use GPU Faiss.
2025-07-25 23:48:19,337 - vectordb - INFO - Database loaded from insurance_vector_db
2025-07-25 23:48:19,338 - query - INFO - Verifying components...
2025-07-25 23:48:22,929 - query - INFO - Components verified successfully.
2025-07-25 23:48:22,933 - fastapi - ERROR - Form data requires "python-multipart" to be installed. 
You can install "python-multipart" with: 

pip install python-multipart

2025-07-25 23:52:15,162 - __main__ - INFO - 
Starting processing of 4 files
2025-07-25 23:52:15,164 - __main__ - INFO - Starting extraction for: G:\project\life_insurence_query\file_inputs\BAJHLIP23020V012223.pdf
2025-07-25 23:52:22,515 - __main__ - INFO - Starting extraction for: G:\project\life_insurence_query\file_inputs\CHOTGDP23004V012223.pdf
2025-07-25 23:52:37,213 - __main__ - INFO - Starting extraction for: G:\project\life_insurence_query\file_inputs\EDLHLGA23009V012223.pdf
2025-07-25 23:52:37,502 - __main__ - INFO - Starting extraction for: G:\project\life_insurence_query\file_inputs\HDFHLIP23024V072223.pdf
2025-07-25 23:52:43,801 - __main__ - INFO - 
Processing completed in 28.64 seconds
2025-07-25 23:52:43,801 - __main__ - INFO - Successful: 4
2025-07-25 23:52:43,802 - __main__ - INFO - Failed: 0
2025-07-25 23:52:43,803 - __main__ - INFO - 
Full report saved to: G:\project\life_insurence_query\processed_docs\processing_report.json
2025-07-26 00:13:39,778 - __main__ - INFO - 
Starting processing of 5 files
2025-07-26 00:13:39,778 - __main__ - INFO - Starting extraction for: G:\project\life_insurence_query\file_inputs\BAJHLIP23020V012223.pdf
2025-07-26 00:13:46,463 - __main__ - INFO - Starting extraction for: G:\project\life_insurence_query\file_inputs\CHOTGDP23004V012223.pdf
2025-07-26 00:13:59,120 - __main__ - INFO - Starting extraction for: G:\project\life_insurence_query\file_inputs\EDLHLGA23009V012223.pdf
2025-07-26 00:13:59,319 - __main__ - INFO - Starting extraction for: G:\project\life_insurence_query\file_inputs\HDFHLIP23024V072223.pdf
2025-07-26 00:14:04,199 - __main__ - INFO - Starting extraction for: G:\project\life_insurence_query\file_inputs\ICIHLIP22012V012223.pdf
2025-07-26 00:14:09,774 - __main__ - INFO - 
Processing completed in 30.00 seconds
2025-07-26 00:14:09,774 - __main__ - INFO - Successful: 5
2025-07-26 00:14:09,775 - __main__ - INFO - Failed: 0
2025-07-26 00:14:09,776 - __main__ - INFO - 
Full report saved to: G:\project\life_insurence_query\processed_docs\processing_report.json
